<?xml version="1.0" encoding="UTF-8"?>
<!-- Generated by org.testng.reporters.JUnitXMLReporter -->
<testsuite hostname="DESKTOP-NDUBVFR" ignored="2" name="Test" tests="1" failures="0" timestamp="2021-11-17T15:07:13 PST" time="34.457" errors="0">
  <testcase name="validateLoginTestUsingParameter" time="7.775" classname="com.testcases.LoginPageTest"/>
  <testcase name="validateTitleTest" time="0.0" classname="com.testcases.LoginPageTest">
    <ignored/>
  </testcase> <!-- validateTitleTest -->
  <testcase name="validateLoginTest" time="0.0" classname="com.testcases.LoginPageTest">
    <ignored/>
  </testcase> <!-- validateLoginTest -->
</testsuite> <!-- Test -->
